2025-04-17 00:46:19,231 - ERROR - Error fetching from Washington Post: HTTPSConnectionPool(host='www.washingtonpost.com', port=443): Read timed out. (read timeout=10)
2025-04-17 00:46:33,767 - ERROR - Error fetching from Bloomberg: 403 Client Error: Forbidden for url: https://www.bloomberg.com/international
2025-04-17 00:47:24,909 - ERROR - Error fetching from Washington Post: HTTPSConnectionPool(host='www.washingtonpost.com', port=443): Read timed out. (read timeout=10)
2025-04-17 00:47:38,902 - ERROR - Error fetching from Bloomberg: 403 Client Error: Forbidden for url: https://www.bloomberg.com/international
2025-04-17 00:48:01,582 - ERROR - Error fetching from France 24: 403 Client Error: Forbidden for url: https://www.france24.com/en/
2025-04-17 00:48:33,487 - ERROR - [Bloomberg] Error: 403 Client Error: Forbidden for url: https://www.bloomberg.com/international
2025-04-17 00:48:37,753 - ERROR - [France 24] Error: 403 Client Error: Forbidden for url: https://www.france24.com/en/
2025-04-17 00:48:42,303 - ERROR - [Washington Post] Error: HTTPSConnectionPool(host='www.washingtonpost.com', port=443): Read timed out. (read timeout=10)
2025-04-17 00:51:17,111 - ERROR - [Bloomberg] Error: 403 Client Error: Forbidden for url: https://www.bloomberg.com/international
2025-04-17 00:51:21,598 - ERROR - [France 24] Error: 403 Client Error: Forbidden for url: https://www.france24.com/en/
2025-04-17 00:51:25,872 - ERROR - [Washington Post] Error: HTTPSConnectionPool(host='www.washingtonpost.com', port=443): Read timed out. (read timeout=10)
2025-04-17 00:56:43,001 - ERROR - [Bloomberg] Error: 403 Client Error: Forbidden for url: https://www.bloomberg.com/international
2025-04-17 00:56:46,929 - ERROR - [France 24] Error: 403 Client Error: Forbidden for url: https://www.france24.com/en/
2025-04-17 00:56:51,643 - ERROR - [Washington Post] Error: HTTPSConnectionPool(host='www.washingtonpost.com', port=443): Read timed out. (read timeout=10)
2025-04-17 00:58:04,638 - ERROR - [Bloomberg] Error: 403 Client Error: Forbidden for url: https://www.bloomberg.com/international
2025-04-17 00:58:08,326 - ERROR - [France 24] Error: 403 Client Error: Forbidden for url: https://www.france24.com/en/
2025-04-17 00:58:13,382 - ERROR - [Washington Post] Error: HTTPSConnectionPool(host='www.washingtonpost.com', port=443): Read timed out. (read timeout=10)
2025-04-17 01:03:07,495 - ERROR - [Bloomberg] Error: 403 Client Error: Forbidden for url: https://www.bloomberg.com/international
2025-04-17 01:03:12,388 - ERROR - [France 24] Error: 403 Client Error: Forbidden for url: https://www.france24.com/en/
2025-04-17 01:03:16,360 - ERROR - [Washington Post] Error: HTTPSConnectionPool(host='www.washingtonpost.com', port=443): Read timed out. (read timeout=10)
2025-04-17 01:04:33,070 - ERROR - [Bloomberg] Error: 403 Client Error: Forbidden for url: https://www.bloomberg.com/international
2025-04-17 01:04:36,744 - ERROR - [France 24] Error: 403 Client Error: Forbidden for url: https://www.france24.com/en/
2025-04-17 01:04:41,865 - ERROR - [Washington Post] Error: HTTPSConnectionPool(host='www.washingtonpost.com', port=443): Read timed out. (read timeout=10)
2025-04-17 01:13:12,052 - ERROR - [Bloomberg] Error: 403 Client Error: Forbidden for url: https://www.bloomberg.com/international
2025-04-17 01:13:15,314 - ERROR - [France 24] Error: 403 Client Error: Forbidden for url: https://www.france24.com/en/
2025-04-17 01:13:20,672 - ERROR - [Washington Post] Error: HTTPSConnectionPool(host='www.washingtonpost.com', port=443): Read timed out. (read timeout=10)
2025-04-17 01:13:41,855 - ERROR - [Bloomberg] Error: 403 Client Error: Forbidden for url: https://www.bloomberg.com/international
2025-04-17 01:13:45,765 - ERROR - [France 24] Error: 403 Client Error: Forbidden for url: https://www.france24.com/en/
2025-04-17 01:13:50,503 - ERROR - [Washington Post] Error: HTTPSConnectionPool(host='www.washingtonpost.com', port=443): Read timed out. (read timeout=10)
2025-04-17 01:14:45,697 - ERROR - [Bloomberg] Error: 403 Client Error: Forbidden for url: https://www.bloomberg.com/international
2025-04-17 01:14:49,598 - ERROR - [France 24] Error: 403 Client Error: Forbidden for url: https://www.france24.com/en/
2025-04-17 01:14:54,127 - ERROR - [Washington Post] Error: HTTPSConnectionPool(host='www.washingtonpost.com', port=443): Read timed out. (read timeout=10)
2025-04-17 01:19:46,100 - ERROR - [Bloomberg] Error: 403 Client Error: Forbidden for url: https://www.bloomberg.com/international
2025-04-17 01:19:50,607 - ERROR - [France 24] Error: 403 Client Error: Forbidden for url: https://www.france24.com/en/
2025-04-17 01:19:54,521 - ERROR - [Washington Post] Error: HTTPSConnectionPool(host='www.washingtonpost.com', port=443): Read timed out. (read timeout=10)
2025-04-17 01:20:11,290 - ERROR - [Bloomberg] Error: 403 Client Error: Forbidden for url: https://www.bloomberg.com/international
2025-04-17 01:20:15,010 - ERROR - [France 24] Error: 403 Client Error: Forbidden for url: https://www.france24.com/en/
2025-04-17 01:20:19,685 - ERROR - [Washington Post] Error: HTTPSConnectionPool(host='www.washingtonpost.com', port=443): Read timed out. (read timeout=10)
2025-04-17 01:21:56,231 - ERROR - [Bloomberg] Error: 403 Client Error: Forbidden for url: https://www.bloomberg.com/international
2025-04-17 01:22:00,022 - ERROR - [France 24] Error: 403 Client Error: Forbidden for url: https://www.france24.com/en/
2025-04-17 01:22:04,613 - ERROR - [Washington Post] Error: HTTPSConnectionPool(host='www.washingtonpost.com', port=443): Read timed out. (read timeout=10)
2025-04-17 01:22:23,399 - ERROR - [Bloomberg] Error: 403 Client Error: Forbidden for url: https://www.bloomberg.com/international
2025-04-17 01:22:27,474 - ERROR - [France 24] Error: 403 Client Error: Forbidden for url: https://www.france24.com/en/
2025-04-17 01:22:32,788 - ERROR - [Washington Post] Error: HTTPSConnectionPool(host='www.washingtonpost.com', port=443): Read timed out. (read timeout=10)
2025-04-17 01:22:57,930 - ERROR - [Bloomberg] Error: 403 Client Error: Forbidden for url: https://www.bloomberg.com/international
2025-04-17 01:23:01,245 - ERROR - [France 24] Error: 403 Client Error: Forbidden for url: https://www.france24.com/en/
2025-04-17 01:23:06,363 - ERROR - [Washington Post] Error: HTTPSConnectionPool(host='www.washingtonpost.com', port=443): Read timed out. (read timeout=10)
2025-04-17 01:24:59,032 - ERROR - [Bloomberg] Error: 403 Client Error: Forbidden for url: https://www.bloomberg.com/international
2025-04-17 01:25:03,868 - ERROR - [France 24] Error: 403 Client Error: Forbidden for url: https://www.france24.com/en/
2025-04-17 01:25:07,590 - ERROR - [Washington Post] Error: HTTPSConnectionPool(host='www.washingtonpost.com', port=443): Read timed out. (read timeout=10)
2025-04-17 01:26:54,241 - ERROR - [Bloomberg] Error: 403 Client Error: Forbidden for url: https://www.bloomberg.com/international
2025-04-17 01:26:57,778 - ERROR - [France 24] Error: 403 Client Error: Forbidden for url: https://www.france24.com/en/
2025-04-17 01:27:02,824 - ERROR - [Washington Post] Error: HTTPSConnectionPool(host='www.washingtonpost.com', port=443): Read timed out. (read timeout=10)
2025-04-17 01:30:23,892 - ERROR - [Bloomberg] Error: 403 Client Error: Forbidden for url: https://www.bloomberg.com/international
2025-04-17 01:30:27,027 - ERROR - [France 24] Error: 403 Client Error: Forbidden for url: https://www.france24.com/en/
2025-04-17 01:30:32,186 - ERROR - [Washington Post] Error: HTTPSConnectionPool(host='www.washingtonpost.com', port=443): Read timed out. (read timeout=10)
2025-04-17 01:31:01,456 - ERROR - [Bloomberg] Error: 403 Client Error: Forbidden for url: https://www.bloomberg.com/international
2025-04-17 01:31:04,442 - ERROR - [France 24] Error: 403 Client Error: Forbidden for url: https://www.france24.com/en/
2025-04-17 01:31:09,869 - ERROR - [Washington Post] Error: HTTPSConnectionPool(host='www.washingtonpost.com', port=443): Read timed out. (read timeout=10)
2025-04-17 01:35:48,942 - ERROR - [Bloomberg] Error: 403 Client Error: Forbidden for url: https://www.bloomberg.com/international
2025-04-17 01:35:53,934 - ERROR - [France 24] Error: 403 Client Error: Forbidden for url: https://www.france24.com/en/
2025-04-17 01:35:57,935 - ERROR - [Washington Post] Error: HTTPSConnectionPool(host='www.washingtonpost.com', port=443): Read timed out. (read timeout=10)
2025-04-17 01:38:36,549 - ERROR - [Bloomberg] Error: 403 Client Error: Forbidden for url: https://www.bloomberg.com/international
2025-04-17 01:38:39,444 - ERROR - [France 24] Error: 403 Client Error: Forbidden for url: https://www.france24.com/en/
2025-04-17 01:38:45,515 - ERROR - [Washington Post] Error: HTTPSConnectionPool(host='www.washingtonpost.com', port=443): Read timed out. (read timeout=10)
2025-04-17 01:41:13,940 - ERROR - [Bloomberg] Error: 403 Client Error: Forbidden for url: https://www.bloomberg.com/international
2025-04-17 01:41:17,804 - ERROR - [France 24] Error: 403 Client Error: Forbidden for url: https://www.france24.com/en/
2025-04-17 01:41:22,647 - ERROR - [Washington Post] Error: HTTPSConnectionPool(host='www.washingtonpost.com', port=443): Read timed out. (read timeout=10)
2025-04-17 01:41:58,995 - ERROR - [Bloomberg] Error: 403 Client Error: Forbidden for url: https://www.bloomberg.com/international
2025-04-17 01:42:03,162 - ERROR - [France 24] Error: 403 Client Error: Forbidden for url: https://www.france24.com/en/
2025-04-17 01:42:08,020 - ERROR - [Washington Post] Error: HTTPSConnectionPool(host='www.washingtonpost.com', port=443): Read timed out. (read timeout=10)
2025-04-17 01:44:43,378 - ERROR - [Bloomberg] Error: 403 Client Error: Forbidden for url: https://www.bloomberg.com/international
2025-04-17 01:44:46,900 - ERROR - [France 24] Error: 403 Client Error: Forbidden for url: https://www.france24.com/en/
2025-04-17 01:44:51,862 - ERROR - [Washington Post] Error: HTTPSConnectionPool(host='www.washingtonpost.com', port=443): Read timed out. (read timeout=10)
2025-04-17 01:45:40,634 - ERROR - [Bloomberg] Error: 403 Client Error: Forbidden for url: https://www.bloomberg.com/international
2025-04-17 01:45:44,644 - ERROR - [France 24] Error: 403 Client Error: Forbidden for url: https://www.france24.com/en/
2025-04-17 01:45:49,433 - ERROR - [Washington Post] Error: HTTPSConnectionPool(host='www.washingtonpost.com', port=443): Read timed out. (read timeout=10)
2025-04-17 19:58:49,866 - ERROR - [Bloomberg] Error: 403 Client Error: Forbidden for url: https://www.bloomberg.com/international
2025-04-17 19:58:55,531 - ERROR - [France 24] Error: 403 Client Error: Forbidden for url: https://www.france24.com/en/
2025-04-17 19:58:58,735 - ERROR - [Washington Post] Error: HTTPSConnectionPool(host='www.washingtonpost.com', port=443): Read timed out. (read timeout=10)
2025-04-17 20:03:03,785 - ERROR - [Bloomberg] Error: 403 Client Error: Forbidden for url: https://www.bloomberg.com/international
2025-04-17 20:03:07,786 - ERROR - [France 24] Error: 403 Client Error: Forbidden for url: https://www.france24.com/en/
2025-04-17 20:03:12,593 - ERROR - [Washington Post] Error: HTTPSConnectionPool(host='www.washingtonpost.com', port=443): Read timed out. (read timeout=10)
2025-04-17 20:06:58,123 - ERROR - [Bloomberg] Error: 403 Client Error: Forbidden for url: https://www.bloomberg.com/international
2025-04-17 20:07:02,221 - ERROR - [France 24] Error: 403 Client Error: Forbidden for url: https://www.france24.com/en/
2025-04-17 20:07:06,494 - ERROR - [Washington Post] Error: HTTPSConnectionPool(host='www.washingtonpost.com', port=443): Read timed out. (read timeout=10)
2025-04-17 20:10:10,530 - ERROR - [Bloomberg] Error: 403 Client Error: Forbidden for url: https://www.bloomberg.com/international
2025-04-17 20:10:13,808 - ERROR - [France 24] Error: 403 Client Error: Forbidden for url: https://www.france24.com/en/
2025-04-17 20:10:19,569 - ERROR - [Washington Post] Error: HTTPSConnectionPool(host='www.washingtonpost.com', port=443): Read timed out. (read timeout=10)
2025-04-17 20:12:51,313 - ERROR - [Bloomberg] Error: 403 Client Error: Forbidden for url: https://www.bloomberg.com/international
2025-04-17 20:12:55,526 - ERROR - [France 24] Error: 403 Client Error: Forbidden for url: https://www.france24.com/en/
2025-04-17 20:12:59,968 - ERROR - [Washington Post] Error: HTTPSConnectionPool(host='www.washingtonpost.com', port=443): Read timed out. (read timeout=10)
2025-04-17 20:16:36,055 - ERROR - [Bloomberg] Error: 403 Client Error: Forbidden for url: https://www.bloomberg.com/international
2025-04-17 20:16:39,038 - ERROR - [France 24] Error: 403 Client Error: Forbidden for url: https://www.france24.com/en/
2025-04-17 20:16:44,976 - ERROR - [Washington Post] Error: HTTPSConnectionPool(host='www.washingtonpost.com', port=443): Read timed out. (read timeout=10)
2025-04-17 20:19:58,252 - ERROR - [Bloomberg] Error: 403 Client Error: Forbidden for url: https://www.bloomberg.com/international
2025-04-17 20:20:02,819 - ERROR - [France 24] Error: 403 Client Error: Forbidden for url: https://www.france24.com/en/
2025-04-17 20:20:07,513 - ERROR - [Washington Post] Error: HTTPSConnectionPool(host='www.washingtonpost.com', port=443): Read timed out. (read timeout=10)
2025-04-17 20:23:08,418 - ERROR - [Bloomberg] Error: 403 Client Error: Forbidden for url: https://www.bloomberg.com/international
2025-04-17 20:23:12,244 - ERROR - [France 24] Error: 403 Client Error: Forbidden for url: https://www.france24.com/en/
2025-04-17 20:23:16,728 - ERROR - [Washington Post] Error: HTTPSConnectionPool(host='www.washingtonpost.com', port=443): Read timed out. (read timeout=10)
2025-04-17 20:25:50,918 - ERROR - [Bloomberg] Error: 403 Client Error: Forbidden for url: https://www.bloomberg.com/international
2025-04-17 20:25:54,959 - ERROR - [France 24] Error: 403 Client Error: Forbidden for url: https://www.france24.com/en/
2025-04-17 20:25:59,485 - ERROR - [Washington Post] Error: HTTPSConnectionPool(host='www.washingtonpost.com', port=443): Read timed out. (read timeout=10)
2025-04-17 20:29:59,450 - ERROR - [Bloomberg] Error: 403 Client Error: Forbidden for url: https://www.bloomberg.com/international
2025-04-17 20:30:03,222 - ERROR - [France 24] Error: 403 Client Error: Forbidden for url: https://www.france24.com/en/
2025-04-17 20:30:07,945 - ERROR - [Washington Post] Error: HTTPSConnectionPool(host='www.washingtonpost.com', port=443): Read timed out. (read timeout=10)
2025-04-17 20:32:00,857 - ERROR - [Bloomberg] Error: 403 Client Error: Forbidden for url: https://www.bloomberg.com/international
2025-04-17 20:32:04,890 - ERROR - [France 24] Error: 403 Client Error: Forbidden for url: https://www.france24.com/en/
2025-04-17 20:32:09,088 - ERROR - [Washington Post] Error: HTTPSConnectionPool(host='www.washingtonpost.com', port=443): Read timed out. (read timeout=10)
2025-04-17 20:32:20,872 - ERROR - [Bloomberg] Error: 403 Client Error: Forbidden for url: https://www.bloomberg.com/international
2025-04-17 20:32:24,116 - ERROR - [France 24] Error: 403 Client Error: Forbidden for url: https://www.france24.com/en/
2025-04-17 20:32:29,415 - ERROR - [Washington Post] Error: HTTPSConnectionPool(host='www.washingtonpost.com', port=443): Read timed out. (read timeout=10)
2025-04-17 20:35:20,243 - ERROR - [Bloomberg] Error: 403 Client Error: Forbidden for url: https://www.bloomberg.com/international
2025-04-17 20:35:22,818 - ERROR - [France 24] Error: 403 Client Error: Forbidden for url: https://www.france24.com/en/
2025-04-17 20:35:28,507 - ERROR - [Washington Post] Error: HTTPSConnectionPool(host='www.washingtonpost.com', port=443): Read timed out. (read timeout=10)
2025-04-17 20:37:03,969 - ERROR - [Bloomberg] Error: 403 Client Error: Forbidden for url: https://www.bloomberg.com/international
2025-04-17 20:37:07,894 - ERROR - [France 24] Error: 403 Client Error: Forbidden for url: https://www.france24.com/en/
2025-04-17 20:37:12,673 - ERROR - [Washington Post] Error: HTTPSConnectionPool(host='www.washingtonpost.com', port=443): Read timed out. (read timeout=10)
2025-04-17 20:38:05,323 - ERROR - [Bloomberg] Error: 403 Client Error: Forbidden for url: https://www.bloomberg.com/international
2025-04-17 20:38:09,886 - ERROR - [France 24] Error: 403 Client Error: Forbidden for url: https://www.france24.com/en/
2025-04-17 20:38:14,120 - ERROR - [Washington Post] Error: HTTPSConnectionPool(host='www.washingtonpost.com', port=443): Read timed out. (read timeout=10)
2025-04-17 20:40:00,921 - ERROR - [Bloomberg] Error: 403 Client Error: Forbidden for url: https://www.bloomberg.com/international
2025-04-17 20:40:04,248 - ERROR - [France 24] Error: 403 Client Error: Forbidden for url: https://www.france24.com/en/
2025-04-17 20:40:09,308 - ERROR - [Washington Post] Error: HTTPSConnectionPool(host='www.washingtonpost.com', port=443): Read timed out. (read timeout=10)
2025-04-17 20:40:31,730 - ERROR - [Bloomberg] Error: 403 Client Error: Forbidden for url: https://www.bloomberg.com/international
2025-04-17 20:40:34,732 - ERROR - [France 24] Error: 403 Client Error: Forbidden for url: https://www.france24.com/en/
2025-04-17 20:40:40,451 - ERROR - [Washington Post] Error: HTTPSConnectionPool(host='www.washingtonpost.com', port=443): Read timed out. (read timeout=10)
2025-04-17 20:41:38,479 - ERROR - [Bloomberg] Error: 403 Client Error: Forbidden for url: https://www.bloomberg.com/international
2025-04-17 20:41:42,558 - ERROR - [France 24] Error: 403 Client Error: Forbidden for url: https://www.france24.com/en/
2025-04-17 20:41:47,166 - ERROR - [Washington Post] Error: HTTPSConnectionPool(host='www.washingtonpost.com', port=443): Read timed out. (read timeout=10)
2025-04-17 20:45:02,014 - ERROR - [Bloomberg] Error: 403 Client Error: Forbidden for url: https://www.bloomberg.com/international
2025-04-17 20:45:06,664 - ERROR - [France 24] Error: 403 Client Error: Forbidden for url: https://www.france24.com/en/
2025-04-17 20:45:10,619 - ERROR - [Washington Post] Error: HTTPSConnectionPool(host='www.washingtonpost.com', port=443): Read timed out. (read timeout=10)
2025-04-17 20:48:27,257 - ERROR - [Bloomberg] Error: 403 Client Error: Forbidden for url: https://www.bloomberg.com/international
2025-04-17 20:48:31,168 - ERROR - [France 24] Error: 403 Client Error: Forbidden for url: https://www.france24.com/en/
2025-04-17 20:48:35,740 - ERROR - [Washington Post] Error: HTTPSConnectionPool(host='www.washingtonpost.com', port=443): Read timed out. (read timeout=10)
2025-04-17 20:50:10,319 - ERROR - [Bloomberg] Error: 403 Client Error: Forbidden for url: https://www.bloomberg.com/international
2025-04-17 20:50:14,700 - ERROR - [France 24] Error: 403 Client Error: Forbidden for url: https://www.france24.com/en/
2025-04-17 20:50:18,264 - ERROR - [Washington Post] Error: HTTPSConnectionPool(host='www.washingtonpost.com', port=443): Read timed out. (read timeout=10)
2025-04-17 20:51:23,893 - ERROR - [Bloomberg] Error: 403 Client Error: Forbidden for url: https://www.bloomberg.com/international
2025-04-17 20:51:27,171 - ERROR - [France 24] Error: 403 Client Error: Forbidden for url: https://www.france24.com/en/
2025-04-17 20:51:39,337 - ERROR - [Bloomberg] Error: 403 Client Error: Forbidden for url: https://www.bloomberg.com/international
2025-04-17 20:51:42,644 - ERROR - [France 24] Error: 403 Client Error: Forbidden for url: https://www.france24.com/en/
2025-04-17 20:51:47,988 - ERROR - [Washington Post] Error: HTTPSConnectionPool(host='www.washingtonpost.com', port=443): Read timed out. (read timeout=10)
2025-04-17 20:52:16,959 - ERROR - [Bloomberg] Error: 403 Client Error: Forbidden for url: https://www.bloomberg.com/international
2025-04-17 20:52:20,441 - ERROR - [France 24] Error: 403 Client Error: Forbidden for url: https://www.france24.com/en/
2025-04-17 20:52:25,755 - ERROR - [Washington Post] Error: HTTPSConnectionPool(host='www.washingtonpost.com', port=443): Read timed out. (read timeout=10)
2025-04-17 20:55:35,748 - ERROR - [Bloomberg] Error: 403 Client Error: Forbidden for url: https://www.bloomberg.com/international
2025-04-17 20:55:39,148 - ERROR - [France 24] Error: 403 Client Error: Forbidden for url: https://www.france24.com/en/
2025-04-17 20:55:44,108 - ERROR - [Washington Post] Error: HTTPSConnectionPool(host='www.washingtonpost.com', port=443): Read timed out. (read timeout=10)
2025-04-17 20:58:37,537 - ERROR - [Bloomberg] Error: 403 Client Error: Forbidden for url: https://www.bloomberg.com/international
2025-04-17 20:58:40,898 - ERROR - [France 24] Error: 403 Client Error: Forbidden for url: https://www.france24.com/en/
2025-04-17 20:58:46,561 - ERROR - [Washington Post] Error: HTTPSConnectionPool(host='www.washingtonpost.com', port=443): Read timed out. (read timeout=10)
2025-04-17 21:06:18,159 - ERROR - [Bloomberg] Error: 403 Client Error: Forbidden for url: https://www.bloomberg.com/international
2025-04-17 21:06:21,492 - ERROR - [France 24] Error: 403 Client Error: Forbidden for url: https://www.france24.com/en/
2025-04-17 21:06:26,466 - ERROR - [Washington Post] Error: HTTPSConnectionPool(host='www.washingtonpost.com', port=443): Read timed out. (read timeout=10)
